
> @saas-chat/api-express@1.0.0 dev
> tsx watch src/index.ts

🔵 [SERVER] Iniciando servidor Express...
✅ [SERVER] Base de datos conectada
node:events:496
      throw er; // Unhandled 'error' event
      ^

Error: listen EADDRINUSE: address already in use :::3001
    at Server.setupListenHandle [as _listen2] (node:net:1937:16)
    at listenInCluster (node:net:1994:12)
    at Server.listen (node:net:2099:7)
    at start (/home/jos/josbert.dev/chat-bot-kunoro/apps/api-express/src/index.ts:104:16)
    at process.processTicksAndRejections (node:internal/process/task_queues:105:5)
Emitted 'error' event on Server instance at:
    at emitErrorNT (node:net:1973:8)
    at process.processTicksAndRejections (node:internal/process/task_queues:90:21) {
  code: 'EADDRINUSE',
  errno: -98,
  syscall: 'listen',
  address: '::',
  port: 3001
}

Node.js v22.14.0
